2024-10-29 08:58:05 - __main__ - INFO - Added validate_user_input function to app.py
2024-10-29 08:58:05 - __main__ - INFO - Starting application initialization
2024-10-29 08:58:05 - db_utils - INFO - Starting detailed database operations debugging
2024-10-29 08:58:05 - db_utils - INFO - Debugging login_history database:
2024-10-29 08:58:05 - db_utils - INFO -   Database version: 0
2024-10-29 08:58:05 - db_utils - INFO -   Tables in login_history.db: ['login_history']
2024-10-29 08:58:05 - db_utils - INFO -   Structure of login_history table:
2024-10-29 08:58:05 - db_utils - INFO -     Column: id, Type: TEXT, NotNull: 0, DefaultValue: None, PK: 0
2024-10-29 08:58:05 - db_utils - INFO -     Column: login_time, Type: TEXT, NotNull: 0, DefaultValue: None, PK: 0
2024-10-29 08:58:05 - db_utils - INFO -     Column: success, Type: INTEGER, NotNull: 0, DefaultValue: None, PK: 0
2024-10-29 08:58:05 - db_utils - INFO -   Indexes in login_history.db: ['idx_login_id', 'idx_login_time']
2024-10-29 08:58:05 - db_utils - INFO -   Row count in login_history: 258
2024-10-29 08:58:05 - db_utils - INFO -   Test query result: (1,)
2024-10-29 08:58:05 - db_utils - INFO - Debugging tunbroyting database:
2024-10-29 08:58:05 - db_utils - INFO -   Database version: 0
2024-10-29 08:58:05 - db_utils - INFO -   Tables in tunbroyting.db: ['tunbroyting_bestillinger']
2024-10-29 08:58:05 - db_utils - INFO -   Structure of tunbroyting_bestillinger table:
2024-10-29 08:58:05 - db_utils - INFO -     Column: id, Type: INTEGER, NotNull: 0, DefaultValue: None, PK: 1
2024-10-29 08:58:05 - db_utils - INFO -     Column: bruker, Type: TEXT, NotNull: 0, DefaultValue: None, PK: 0
2024-10-29 08:58:05 - db_utils - INFO -     Column: ankomst_dato, Type: DATE, NotNull: 0, DefaultValue: None, PK: 0
2024-10-29 08:58:05 - db_utils - INFO -     Column: ankomst_tid, Type: TIME, NotNull: 0, DefaultValue: None, PK: 0
2024-10-29 08:58:05 - db_utils - INFO -     Column: avreise_dato, Type: DATE, NotNull: 0, DefaultValue: None, PK: 0
2024-10-29 08:58:05 - db_utils - INFO -     Column: avreise_tid, Type: TIME, NotNull: 0, DefaultValue: None, PK: 0
2024-10-29 08:58:05 - db_utils - INFO -     Column: abonnement_type, Type: TEXT, NotNull: 0, DefaultValue: None, PK: 0
2024-10-29 08:58:05 - db_utils - INFO -   Indexes in tunbroyting.db: ['idx_tunbroyting_bruker', 'idx_tunbroyting_ankomst_dato', 'idx_tunbroyting_avreise_dato', 'idx_tunbroyting_abonnement']
2024-10-29 08:58:05 - db_utils - INFO -   Row count in tunbroyting_bestillinger: 2
2024-10-29 08:58:05 - db_utils - INFO -   Test query result: (1,)
2024-10-29 08:58:05 - db_utils - INFO - Debugging stroing database:
2024-10-29 08:58:05 - db_utils - INFO -   Database version: 0
2024-10-29 08:58:05 - db_utils - INFO -   Tables in stroing.db: ['sqlite_sequence', 'stroing_bestillinger']
2024-10-29 08:58:05 - db_utils - INFO -   Structure of sqlite_sequence table:
2024-10-29 08:58:05 - db_utils - INFO -     Column: name, Type: , NotNull: 0, DefaultValue: None, PK: 0
2024-10-29 08:58:05 - db_utils - INFO -     Column: seq, Type: , NotNull: 0, DefaultValue: None, PK: 0
2024-10-29 08:58:05 - db_utils - INFO -   Structure of stroing_bestillinger table:
2024-10-29 08:58:05 - db_utils - INFO -     Column: id, Type: INTEGER, NotNull: 0, DefaultValue: None, PK: 1
2024-10-29 08:58:05 - db_utils - INFO -     Column: bruker, Type: TEXT, NotNull: 0, DefaultValue: None, PK: 0
2024-10-29 08:58:05 - db_utils - INFO -     Column: bestillings_dato, Type: TEXT, NotNull: 0, DefaultValue: None, PK: 0
2024-10-29 08:58:05 - db_utils - INFO -     Column: onske_dato, Type: TEXT, NotNull: 0, DefaultValue: None, PK: 0
2024-10-29 08:58:05 - db_utils - INFO -   Indexes in stroing.db: ['idx_stroing_bruker', 'idx_stroing_onske_dato', 'idx_stroing_bestillings_dato']
2024-10-29 08:58:05 - db_utils - INFO -   Row count in sqlite_sequence: 1
2024-10-29 08:58:05 - db_utils - INFO -   Row count in stroing_bestillinger: 3
2024-10-29 08:58:05 - db_utils - INFO -   Test query result: (1,)
2024-10-29 08:58:05 - db_utils - INFO - Debugging feedback database:
2024-10-29 08:58:05 - db_utils - INFO -   Database version: 0
2024-10-29 08:58:05 - db_utils - INFO -   Tables in feedback.db: ['sqlite_sequence', 'feedback']
2024-10-29 08:58:05 - db_utils - INFO -   Structure of sqlite_sequence table:
2024-10-29 08:58:05 - db_utils - INFO -     Column: name, Type: , NotNull: 0, DefaultValue: None, PK: 0
2024-10-29 08:58:05 - db_utils - INFO -     Column: seq, Type: , NotNull: 0, DefaultValue: None, PK: 0
2024-10-29 08:58:05 - db_utils - INFO -   Structure of feedback table:
2024-10-29 08:58:05 - db_utils - INFO -     Column: id, Type: INTEGER, NotNull: 0, DefaultValue: None, PK: 1
2024-10-29 08:58:05 - db_utils - INFO -     Column: type, Type: TEXT, NotNull: 0, DefaultValue: None, PK: 0
2024-10-29 08:58:05 - db_utils - INFO -     Column: datetime, Type: TEXT, NotNull: 0, DefaultValue: None, PK: 0
2024-10-29 08:58:05 - db_utils - INFO -     Column: comment, Type: TEXT, NotNull: 0, DefaultValue: None, PK: 0
2024-10-29 08:58:05 - db_utils - INFO -     Column: innsender, Type: TEXT, NotNull: 0, DefaultValue: None, PK: 0
2024-10-29 08:58:05 - db_utils - INFO -     Column: status, Type: TEXT, NotNull: 0, DefaultValue: None, PK: 0
2024-10-29 08:58:05 - db_utils - INFO -     Column: status_changed_by, Type: TEXT, NotNull: 0, DefaultValue: None, PK: 0
2024-10-29 08:58:05 - db_utils - INFO -     Column: status_changed_at, Type: TEXT, NotNull: 0, DefaultValue: None, PK: 0
2024-10-29 08:58:05 - db_utils - INFO -     Column: hidden, Type: INTEGER, NotNull: 0, DefaultValue: None, PK: 0
2024-10-29 08:58:05 - db_utils - INFO -     Column: is_alert, Type: INTEGER, NotNull: 0, DefaultValue: None, PK: 0
2024-10-29 08:58:05 - db_utils - INFO -     Column: display_on_weather, Type: INTEGER, NotNull: 0, DefaultValue: None, PK: 0
2024-10-29 08:58:05 - db_utils - INFO -     Column: expiry_date, Type: TEXT, NotNull: 0, DefaultValue: None, PK: 0
2024-10-29 08:58:05 - db_utils - INFO -     Column: target_group, Type: TEXT, NotNull: 0, DefaultValue: None, PK: 0
2024-10-29 08:58:05 - db_utils - INFO -   Indexes in feedback.db: ['idx_feedback_datetime', 'idx_feedback_innsender', 'idx_feedback_status', 'idx_feedback_type']
2024-10-29 08:58:05 - db_utils - INFO -   Row count in sqlite_sequence: 1
2024-10-29 08:58:05 - db_utils - INFO -   Row count in feedback: 6
2024-10-29 08:58:05 - db_utils - INFO -   Test query result: (1,)
2024-10-29 08:58:05 - db_utils - INFO - Detailed database operations debugging completed
2024-10-29 08:58:05 - db_utils - INFO - Oppdatert skjema for customer
2024-10-29 08:58:05 - db_utils - INFO - Oppdatert skjema for feedback
2024-10-29 08:58:05 - db_utils - INFO - Oppdatert skjema for login_history
2024-10-29 08:58:05 - db_utils - INFO - Oppdatert skjema for stroing
2024-10-29 08:58:05 - db_utils - INFO - Oppdatert skjema for tunbroyting
2024-10-29 08:58:05 - db_utils - INFO - All database schemas verified and updated
2024-10-29 08:58:05 - db_utils - INFO - Oppdatert skjema for customer
2024-10-29 08:58:05 - db_utils - INFO - Oppdatert skjema for feedback
2024-10-29 08:58:05 - db_utils - INFO - Oppdatert skjema for login_history
2024-10-29 08:58:05 - db_utils - INFO - Oppdatert skjema for stroing
2024-10-29 08:58:05 - db_utils - INFO - Oppdatert skjema for tunbroyting
2024-10-29 08:58:05 - db_utils - INFO - All database schemas verified and updated
2024-10-29 08:58:05 - db_utils - INFO - Database login_history initialized, updated, and optimized
2024-10-29 08:58:05 - db_utils - INFO - Database tunbroyting initialized, updated, and optimized
2024-10-29 08:58:05 - db_utils - INFO - Database stroing initialized, updated, and optimized
2024-10-29 08:58:05 - db_utils - INFO - Database feedback initialized, updated, and optimized
2024-10-29 08:58:05 - db_utils - INFO - Database customer initialized, updated, and optimized
2024-10-29 08:58:05 - db_utils - INFO - Successfully created indexes for tunbroyting database
2024-10-29 08:58:05 - db_utils - INFO - Successfully created indexes for stroing database
2024-10-29 08:58:05 - db_utils - INFO - Successfully created indexes for feedback database
2024-10-29 08:58:05 - db_utils - INFO - Successfully created indexes for login_history database
2024-10-29 08:58:05 - db_utils - INFO - Successfully created indexes for customer database
2024-10-29 08:58:05 - db_utils - INFO - Database index creation completed
2024-10-29 08:58:05 - db_utils - INFO - Database indexes created
2024-10-29 08:58:05 - db_utils - INFO - Successfully verified connection to stroing.db
2024-10-29 08:58:05 - db_utils - INFO - Successfully verified connection to tunbroyting.db
2024-10-29 08:58:05 - db_utils - INFO - Successfully verified connection to feedback.db
2024-10-29 08:58:05 - db_utils - INFO - Successfully verified connection to login_history.db
2024-10-29 08:58:05 - db_utils - INFO - Successfully verified connection to customer.db
2024-10-29 08:58:05 - db_utils - INFO - Database connections verified
2024-10-29 08:58:05 - db_utils - INFO - All databases initialized, updated, and verified
2024-10-29 08:58:05 - db_utils - INFO - Query executed successfully on login_history.db. Rows affected: -1
2024-10-29 08:58:05 - db_utils - INFO - login_history table structure is correct
2024-10-29 08:58:05 - utils - INFO - Attempting to load passwords from secrets
2024-10-29 08:58:05 - utils - INFO - Successfully loaded passwords. Number of entries: 94
2024-10-29 08:58:05 - customer_utils - INFO - Konsistenssjekk fullført
2024-10-29 08:58:05 - customer_utils - INFO - Validating customers and passwords
2024-10-29 08:58:05 - utils - INFO - Attempting to load passwords from secrets
2024-10-29 08:58:05 - utils - INFO - Successfully loaded passwords. Number of entries: 94
2024-10-29 08:58:05 - customer_utils - INFO - Customer and password validation complete
2024-10-29 08:58:05 - db_utils - INFO - Successfully created indexes for tunbroyting database
2024-10-29 08:58:05 - db_utils - INFO - Successfully created indexes for stroing database
2024-10-29 08:58:05 - db_utils - INFO - Successfully created indexes for feedback database
2024-10-29 08:58:05 - db_utils - INFO - Successfully created indexes for login_history database
2024-10-29 08:58:05 - db_utils - INFO - Successfully created indexes for customer database
2024-10-29 08:58:05 - db_utils - INFO - Database index creation completed
2024-10-29 08:58:05 - __main__ - INFO - Application initialization completed successfully
2024-10-29 08:58:05 - __main__ - INFO - Application initialization completed successfully
2024-10-29 08:58:05 - __main__ - INFO - Application setup complete
2024-10-29 08:58:05 - __main__ - INFO - Application shutting down
2024-10-29 08:58:25 - __main__ - INFO - Added validate_user_input function to app.py
2024-10-29 08:58:25 - __main__ - INFO - Starting application initialization
2024-10-29 08:58:25 - db_utils - INFO - Starting detailed database operations debugging
2024-10-29 08:58:25 - db_utils - INFO - Debugging login_history database:
2024-10-29 08:58:25 - db_utils - INFO -   Database version: 0
2024-10-29 08:58:25 - db_utils - INFO -   Tables in login_history.db: ['login_history']
2024-10-29 08:58:25 - db_utils - INFO -   Structure of login_history table:
2024-10-29 08:58:25 - db_utils - INFO -     Column: id, Type: TEXT, NotNull: 0, DefaultValue: None, PK: 0
2024-10-29 08:58:25 - db_utils - INFO -     Column: login_time, Type: TEXT, NotNull: 0, DefaultValue: None, PK: 0
2024-10-29 08:58:25 - db_utils - INFO -     Column: success, Type: INTEGER, NotNull: 0, DefaultValue: None, PK: 0
2024-10-29 08:58:25 - db_utils - INFO -   Indexes in login_history.db: ['idx_login_id', 'idx_login_time']
2024-10-29 08:58:25 - db_utils - INFO -   Row count in login_history: 258
2024-10-29 08:58:25 - db_utils - INFO -   Test query result: (1,)
2024-10-29 08:58:25 - db_utils - INFO - Debugging tunbroyting database:
2024-10-29 08:58:25 - db_utils - INFO -   Database version: 0
2024-10-29 08:58:25 - db_utils - INFO -   Tables in tunbroyting.db: ['tunbroyting_bestillinger']
2024-10-29 08:58:25 - db_utils - INFO -   Structure of tunbroyting_bestillinger table:
2024-10-29 08:58:25 - db_utils - INFO -     Column: id, Type: INTEGER, NotNull: 0, DefaultValue: None, PK: 1
2024-10-29 08:58:25 - db_utils - INFO -     Column: bruker, Type: TEXT, NotNull: 0, DefaultValue: None, PK: 0
2024-10-29 08:58:25 - db_utils - INFO -     Column: ankomst_dato, Type: DATE, NotNull: 0, DefaultValue: None, PK: 0
2024-10-29 08:58:25 - db_utils - INFO -     Column: ankomst_tid, Type: TIME, NotNull: 0, DefaultValue: None, PK: 0
2024-10-29 08:58:25 - db_utils - INFO -     Column: avreise_dato, Type: DATE, NotNull: 0, DefaultValue: None, PK: 0
2024-10-29 08:58:25 - db_utils - INFO -     Column: avreise_tid, Type: TIME, NotNull: 0, DefaultValue: None, PK: 0
2024-10-29 08:58:25 - db_utils - INFO -     Column: abonnement_type, Type: TEXT, NotNull: 0, DefaultValue: None, PK: 0
2024-10-29 08:58:25 - db_utils - INFO -   Indexes in tunbroyting.db: ['idx_tunbroyting_bruker', 'idx_tunbroyting_ankomst_dato', 'idx_tunbroyting_avreise_dato', 'idx_tunbroyting_abonnement']
2024-10-29 08:58:25 - db_utils - INFO -   Row count in tunbroyting_bestillinger: 2
2024-10-29 08:58:25 - db_utils - INFO -   Test query result: (1,)
2024-10-29 08:58:25 - db_utils - INFO - Debugging stroing database:
2024-10-29 08:58:25 - db_utils - INFO -   Database version: 0
2024-10-29 08:58:25 - db_utils - INFO -   Tables in stroing.db: ['sqlite_sequence', 'stroing_bestillinger']
2024-10-29 08:58:25 - db_utils - INFO -   Structure of sqlite_sequence table:
2024-10-29 08:58:25 - db_utils - INFO -     Column: name, Type: , NotNull: 0, DefaultValue: None, PK: 0
2024-10-29 08:58:25 - db_utils - INFO -     Column: seq, Type: , NotNull: 0, DefaultValue: None, PK: 0
2024-10-29 08:58:25 - db_utils - INFO -   Structure of stroing_bestillinger table:
2024-10-29 08:58:25 - db_utils - INFO -     Column: id, Type: INTEGER, NotNull: 0, DefaultValue: None, PK: 1
2024-10-29 08:58:25 - db_utils - INFO -     Column: bruker, Type: TEXT, NotNull: 0, DefaultValue: None, PK: 0
2024-10-29 08:58:25 - db_utils - INFO -     Column: bestillings_dato, Type: TEXT, NotNull: 0, DefaultValue: None, PK: 0
2024-10-29 08:58:25 - db_utils - INFO -     Column: onske_dato, Type: TEXT, NotNull: 0, DefaultValue: None, PK: 0
2024-10-29 08:58:25 - db_utils - INFO -   Indexes in stroing.db: ['idx_stroing_bruker', 'idx_stroing_onske_dato', 'idx_stroing_bestillings_dato']
2024-10-29 08:58:25 - db_utils - INFO -   Row count in sqlite_sequence: 1
2024-10-29 08:58:25 - db_utils - INFO -   Row count in stroing_bestillinger: 3
2024-10-29 08:58:25 - db_utils - INFO -   Test query result: (1,)
2024-10-29 08:58:25 - db_utils - INFO - Debugging feedback database:
2024-10-29 08:58:25 - db_utils - INFO -   Database version: 0
2024-10-29 08:58:25 - db_utils - INFO -   Tables in feedback.db: ['sqlite_sequence', 'feedback']
2024-10-29 08:58:25 - db_utils - INFO -   Structure of sqlite_sequence table:
2024-10-29 08:58:25 - db_utils - INFO -     Column: name, Type: , NotNull: 0, DefaultValue: None, PK: 0
2024-10-29 08:58:25 - db_utils - INFO -     Column: seq, Type: , NotNull: 0, DefaultValue: None, PK: 0
2024-10-29 08:58:25 - db_utils - INFO -   Structure of feedback table:
2024-10-29 08:58:25 - db_utils - INFO -     Column: id, Type: INTEGER, NotNull: 0, DefaultValue: None, PK: 1
2024-10-29 08:58:25 - db_utils - INFO -     Column: type, Type: TEXT, NotNull: 0, DefaultValue: None, PK: 0
2024-10-29 08:58:25 - db_utils - INFO -     Column: datetime, Type: TEXT, NotNull: 0, DefaultValue: None, PK: 0
2024-10-29 08:58:25 - db_utils - INFO -     Column: comment, Type: TEXT, NotNull: 0, DefaultValue: None, PK: 0
2024-10-29 08:58:25 - db_utils - INFO -     Column: innsender, Type: TEXT, NotNull: 0, DefaultValue: None, PK: 0
2024-10-29 08:58:25 - db_utils - INFO -     Column: status, Type: TEXT, NotNull: 0, DefaultValue: None, PK: 0
2024-10-29 08:58:25 - db_utils - INFO -     Column: status_changed_by, Type: TEXT, NotNull: 0, DefaultValue: None, PK: 0
2024-10-29 08:58:25 - db_utils - INFO -     Column: status_changed_at, Type: TEXT, NotNull: 0, DefaultValue: None, PK: 0
2024-10-29 08:58:25 - db_utils - INFO -     Column: hidden, Type: INTEGER, NotNull: 0, DefaultValue: None, PK: 0
2024-10-29 08:58:25 - db_utils - INFO -     Column: is_alert, Type: INTEGER, NotNull: 0, DefaultValue: None, PK: 0
2024-10-29 08:58:25 - db_utils - INFO -     Column: display_on_weather, Type: INTEGER, NotNull: 0, DefaultValue: None, PK: 0
2024-10-29 08:58:25 - db_utils - INFO -     Column: expiry_date, Type: TEXT, NotNull: 0, DefaultValue: None, PK: 0
2024-10-29 08:58:25 - db_utils - INFO -     Column: target_group, Type: TEXT, NotNull: 0, DefaultValue: None, PK: 0
2024-10-29 08:58:25 - db_utils - INFO -   Indexes in feedback.db: ['idx_feedback_datetime', 'idx_feedback_innsender', 'idx_feedback_status', 'idx_feedback_type']
2024-10-29 08:58:25 - db_utils - INFO -   Row count in sqlite_sequence: 1
2024-10-29 08:58:25 - db_utils - INFO -   Row count in feedback: 6
2024-10-29 08:58:25 - db_utils - INFO -   Test query result: (1,)
2024-10-29 08:58:25 - db_utils - INFO - Detailed database operations debugging completed
2024-10-29 08:58:25 - db_utils - INFO - Oppdatert skjema for customer
2024-10-29 08:58:25 - db_utils - INFO - Oppdatert skjema for feedback
2024-10-29 08:58:25 - db_utils - INFO - Oppdatert skjema for login_history
2024-10-29 08:58:25 - db_utils - INFO - Oppdatert skjema for stroing
2024-10-29 08:58:25 - db_utils - INFO - Oppdatert skjema for tunbroyting
2024-10-29 08:58:25 - db_utils - INFO - All database schemas verified and updated
2024-10-29 08:58:25 - db_utils - INFO - Oppdatert skjema for customer
2024-10-29 08:58:25 - db_utils - INFO - Oppdatert skjema for feedback
2024-10-29 08:58:25 - db_utils - INFO - Oppdatert skjema for login_history
2024-10-29 08:58:25 - db_utils - INFO - Oppdatert skjema for stroing
2024-10-29 08:58:25 - db_utils - INFO - Oppdatert skjema for tunbroyting
2024-10-29 08:58:25 - db_utils - INFO - All database schemas verified and updated
2024-10-29 08:58:25 - db_utils - INFO - Database already initialized. Skipping.
2024-10-29 08:58:25 - db_utils - INFO - Query executed successfully on login_history.db. Rows affected: -1
2024-10-29 08:58:25 - db_utils - INFO - login_history table structure is correct
2024-10-29 08:58:25 - utils - INFO - Attempting to load passwords from secrets
2024-10-29 08:58:25 - utils - INFO - Successfully loaded passwords. Number of entries: 94
2024-10-29 08:58:25 - customer_utils - INFO - Konsistenssjekk fullført
2024-10-29 08:58:25 - customer_utils - INFO - Validating customers and passwords
2024-10-29 08:58:25 - utils - INFO - Attempting to load passwords from secrets
2024-10-29 08:58:25 - utils - INFO - Successfully loaded passwords. Number of entries: 94
2024-10-29 08:58:25 - customer_utils - INFO - Customer and password validation complete
2024-10-29 08:58:25 - db_utils - INFO - Successfully created indexes for tunbroyting database
2024-10-29 08:58:25 - db_utils - INFO - Successfully created indexes for stroing database
2024-10-29 08:58:25 - db_utils - INFO - Successfully created indexes for feedback database
2024-10-29 08:58:25 - db_utils - INFO - Successfully created indexes for login_history database
2024-10-29 08:58:25 - db_utils - INFO - Successfully created indexes for customer database
2024-10-29 08:58:25 - db_utils - INFO - Database index creation completed
2024-10-29 08:58:25 - __main__ - INFO - Application initialization completed successfully
2024-10-29 08:58:25 - __main__ - INFO - Application initialization completed successfully
2024-10-29 08:58:25 - __main__ - INFO - Application setup complete
2024-10-29 08:58:25 - auth_utils - INFO - Login attempt for ID: 999
2024-10-29 08:58:25 - db_utils - INFO - DATABASE_PATH: /Users/tor.inge.jossang@aftenbladet.no/dev/gullingen
2024-10-29 08:58:25 - db_utils - INFO - Full database path: /Users/tor.inge.jossang@aftenbladet.no/dev/gullingen/login_history.db
2024-10-29 08:58:25 - db_utils - INFO - Attempting to create database engine...
2024-10-29 08:58:25 - db_utils - INFO - Database engine created successfully for login_history.db
2024-10-29 08:58:25 - auth_utils - INFO - Rate limit check passed for user 999
2024-10-29 08:58:25 - auth_utils - INFO - User 999 authenticated successfully
2024-10-29 08:58:25 - customer_utils - INFO - Successfully retrieved customer with ID: 999
2024-10-29 08:58:25 - db_utils - INFO - Database file /Users/tor.inge.jossang@aftenbladet.no/dev/gullingen/login_history.db exists.
2024-10-29 08:58:25 - db_utils - INFO - Query executed successfully on login_history.db. Rows affected: 1
2024-10-29 08:58:25 - auth_utils - INFO - Successful login for ID: 999
2024-10-29 08:58:25 - auth_utils - INFO - Successful login and logging for ID: 999
2024-10-29 08:58:25 - db_utils - INFO - DATABASE_PATH: /Users/tor.inge.jossang@aftenbladet.no/dev/gullingen
2024-10-29 08:58:25 - db_utils - INFO - Full database path: /Users/tor.inge.jossang@aftenbladet.no/dev/gullingen/login_history.db
2024-10-29 08:58:25 - db_utils - INFO - Attempting to create database engine...
2024-10-29 08:58:25 - db_utils - INFO - Database engine created successfully for login_history.db
2024-10-29 08:58:25 - auth_utils - INFO - Rate limit reset for user 999
2024-10-29 08:58:25 - __main__ - INFO - Application shutting down
2024-10-29 08:58:25 - __main__ - INFO - Added validate_user_input function to app.py
2024-10-29 08:58:25 - __main__ - INFO - Starting application initialization
2024-10-29 08:58:25 - db_utils - INFO - Starting detailed database operations debugging
2024-10-29 08:58:25 - db_utils - INFO - Debugging login_history database:
2024-10-29 08:58:25 - db_utils - INFO -   Database version: 0
2024-10-29 08:58:25 - db_utils - INFO -   Tables in login_history.db: ['login_history']
2024-10-29 08:58:25 - db_utils - INFO -   Structure of login_history table:
2024-10-29 08:58:25 - db_utils - INFO -     Column: id, Type: TEXT, NotNull: 0, DefaultValue: None, PK: 0
2024-10-29 08:58:25 - db_utils - INFO -     Column: login_time, Type: TEXT, NotNull: 0, DefaultValue: None, PK: 0
2024-10-29 08:58:25 - db_utils - INFO -     Column: success, Type: INTEGER, NotNull: 0, DefaultValue: None, PK: 0
2024-10-29 08:58:25 - db_utils - INFO -   Indexes in login_history.db: ['idx_login_id', 'idx_login_time']
2024-10-29 08:58:25 - db_utils - INFO -   Row count in login_history: 259
2024-10-29 08:58:25 - db_utils - INFO -   Test query result: (1,)
2024-10-29 08:58:25 - db_utils - INFO - Debugging tunbroyting database:
2024-10-29 08:58:25 - db_utils - INFO -   Database version: 0
2024-10-29 08:58:25 - db_utils - INFO -   Tables in tunbroyting.db: ['tunbroyting_bestillinger']
2024-10-29 08:58:25 - db_utils - INFO -   Structure of tunbroyting_bestillinger table:
2024-10-29 08:58:25 - db_utils - INFO -     Column: id, Type: INTEGER, NotNull: 0, DefaultValue: None, PK: 1
2024-10-29 08:58:25 - db_utils - INFO -     Column: bruker, Type: TEXT, NotNull: 0, DefaultValue: None, PK: 0
2024-10-29 08:58:25 - db_utils - INFO -     Column: ankomst_dato, Type: DATE, NotNull: 0, DefaultValue: None, PK: 0
2024-10-29 08:58:25 - db_utils - INFO -     Column: ankomst_tid, Type: TIME, NotNull: 0, DefaultValue: None, PK: 0
2024-10-29 08:58:25 - db_utils - INFO -     Column: avreise_dato, Type: DATE, NotNull: 0, DefaultValue: None, PK: 0
2024-10-29 08:58:25 - db_utils - INFO -     Column: avreise_tid, Type: TIME, NotNull: 0, DefaultValue: None, PK: 0
2024-10-29 08:58:25 - db_utils - INFO -     Column: abonnement_type, Type: TEXT, NotNull: 0, DefaultValue: None, PK: 0
2024-10-29 08:58:25 - db_utils - INFO -   Indexes in tunbroyting.db: ['idx_tunbroyting_bruker', 'idx_tunbroyting_ankomst_dato', 'idx_tunbroyting_avreise_dato', 'idx_tunbroyting_abonnement']
2024-10-29 08:58:25 - db_utils - INFO -   Row count in tunbroyting_bestillinger: 2
2024-10-29 08:58:25 - db_utils - INFO -   Test query result: (1,)
2024-10-29 08:58:25 - db_utils - INFO - Debugging stroing database:
2024-10-29 08:58:25 - db_utils - INFO -   Database version: 0
2024-10-29 08:58:25 - db_utils - INFO -   Tables in stroing.db: ['sqlite_sequence', 'stroing_bestillinger']
2024-10-29 08:58:25 - db_utils - INFO -   Structure of sqlite_sequence table:
2024-10-29 08:58:25 - db_utils - INFO -     Column: name, Type: , NotNull: 0, DefaultValue: None, PK: 0
2024-10-29 08:58:25 - db_utils - INFO -     Column: seq, Type: , NotNull: 0, DefaultValue: None, PK: 0
2024-10-29 08:58:25 - db_utils - INFO -   Structure of stroing_bestillinger table:
2024-10-29 08:58:25 - db_utils - INFO -     Column: id, Type: INTEGER, NotNull: 0, DefaultValue: None, PK: 1
2024-10-29 08:58:25 - db_utils - INFO -     Column: bruker, Type: TEXT, NotNull: 0, DefaultValue: None, PK: 0
2024-10-29 08:58:25 - db_utils - INFO -     Column: bestillings_dato, Type: TEXT, NotNull: 0, DefaultValue: None, PK: 0
2024-10-29 08:58:25 - db_utils - INFO -     Column: onske_dato, Type: TEXT, NotNull: 0, DefaultValue: None, PK: 0
2024-10-29 08:58:25 - db_utils - INFO -   Indexes in stroing.db: ['idx_stroing_bruker', 'idx_stroing_onske_dato', 'idx_stroing_bestillings_dato']
2024-10-29 08:58:25 - db_utils - INFO -   Row count in sqlite_sequence: 1
2024-10-29 08:58:25 - db_utils - INFO -   Row count in stroing_bestillinger: 3
2024-10-29 08:58:25 - db_utils - INFO -   Test query result: (1,)
2024-10-29 08:58:25 - db_utils - INFO - Debugging feedback database:
2024-10-29 08:58:25 - db_utils - INFO -   Database version: 0
2024-10-29 08:58:25 - db_utils - INFO -   Tables in feedback.db: ['sqlite_sequence', 'feedback']
2024-10-29 08:58:25 - db_utils - INFO -   Structure of sqlite_sequence table:
2024-10-29 08:58:25 - db_utils - INFO -     Column: name, Type: , NotNull: 0, DefaultValue: None, PK: 0
2024-10-29 08:58:25 - db_utils - INFO -     Column: seq, Type: , NotNull: 0, DefaultValue: None, PK: 0
2024-10-29 08:58:25 - db_utils - INFO -   Structure of feedback table:
2024-10-29 08:58:25 - db_utils - INFO -     Column: id, Type: INTEGER, NotNull: 0, DefaultValue: None, PK: 1
2024-10-29 08:58:25 - db_utils - INFO -     Column: type, Type: TEXT, NotNull: 0, DefaultValue: None, PK: 0
2024-10-29 08:58:25 - db_utils - INFO -     Column: datetime, Type: TEXT, NotNull: 0, DefaultValue: None, PK: 0
2024-10-29 08:58:25 - db_utils - INFO -     Column: comment, Type: TEXT, NotNull: 0, DefaultValue: None, PK: 0
2024-10-29 08:58:25 - db_utils - INFO -     Column: innsender, Type: TEXT, NotNull: 0, DefaultValue: None, PK: 0
2024-10-29 08:58:25 - db_utils - INFO -     Column: status, Type: TEXT, NotNull: 0, DefaultValue: None, PK: 0
2024-10-29 08:58:25 - db_utils - INFO -     Column: status_changed_by, Type: TEXT, NotNull: 0, DefaultValue: None, PK: 0
2024-10-29 08:58:25 - db_utils - INFO -     Column: status_changed_at, Type: TEXT, NotNull: 0, DefaultValue: None, PK: 0
2024-10-29 08:58:25 - db_utils - INFO -     Column: hidden, Type: INTEGER, NotNull: 0, DefaultValue: None, PK: 0
2024-10-29 08:58:25 - db_utils - INFO -     Column: is_alert, Type: INTEGER, NotNull: 0, DefaultValue: None, PK: 0
2024-10-29 08:58:25 - db_utils - INFO -     Column: display_on_weather, Type: INTEGER, NotNull: 0, DefaultValue: None, PK: 0
2024-10-29 08:58:25 - db_utils - INFO -     Column: expiry_date, Type: TEXT, NotNull: 0, DefaultValue: None, PK: 0
2024-10-29 08:58:25 - db_utils - INFO -     Column: target_group, Type: TEXT, NotNull: 0, DefaultValue: None, PK: 0
2024-10-29 08:58:25 - db_utils - INFO -   Indexes in feedback.db: ['idx_feedback_datetime', 'idx_feedback_innsender', 'idx_feedback_status', 'idx_feedback_type']
2024-10-29 08:58:25 - db_utils - INFO -   Row count in sqlite_sequence: 1
2024-10-29 08:58:25 - db_utils - INFO -   Row count in feedback: 6
2024-10-29 08:58:25 - db_utils - INFO -   Test query result: (1,)
2024-10-29 08:58:25 - db_utils - INFO - Detailed database operations debugging completed
2024-10-29 08:58:25 - db_utils - INFO - Oppdatert skjema for customer
2024-10-29 08:58:25 - db_utils - INFO - Oppdatert skjema for feedback
2024-10-29 08:58:25 - db_utils - INFO - Oppdatert skjema for login_history
2024-10-29 08:58:25 - db_utils - INFO - Oppdatert skjema for stroing
2024-10-29 08:58:25 - db_utils - INFO - Oppdatert skjema for tunbroyting
2024-10-29 08:58:25 - db_utils - INFO - All database schemas verified and updated
2024-10-29 08:58:25 - db_utils - INFO - Oppdatert skjema for customer
2024-10-29 08:58:25 - db_utils - INFO - Oppdatert skjema for feedback
2024-10-29 08:58:25 - db_utils - INFO - Oppdatert skjema for login_history
2024-10-29 08:58:25 - db_utils - INFO - Oppdatert skjema for stroing
2024-10-29 08:58:25 - db_utils - INFO - Oppdatert skjema for tunbroyting
2024-10-29 08:58:25 - db_utils - INFO - All database schemas verified and updated
2024-10-29 08:58:25 - db_utils - INFO - Database already initialized. Skipping.
2024-10-29 08:58:25 - db_utils - INFO - Query executed successfully on login_history.db. Rows affected: -1
2024-10-29 08:58:25 - db_utils - INFO - login_history table structure is correct
2024-10-29 08:58:25 - utils - INFO - Attempting to load passwords from secrets
2024-10-29 08:58:25 - utils - INFO - Successfully loaded passwords. Number of entries: 94
2024-10-29 08:58:25 - customer_utils - INFO - Konsistenssjekk fullført
2024-10-29 08:58:25 - customer_utils - INFO - Validating customers and passwords
2024-10-29 08:58:25 - utils - INFO - Attempting to load passwords from secrets
2024-10-29 08:58:25 - utils - INFO - Successfully loaded passwords. Number of entries: 94
2024-10-29 08:58:25 - customer_utils - INFO - Customer and password validation complete
2024-10-29 08:58:25 - db_utils - INFO - Successfully created indexes for tunbroyting database
2024-10-29 08:58:25 - db_utils - INFO - Successfully created indexes for stroing database
2024-10-29 08:58:25 - db_utils - INFO - Successfully created indexes for feedback database
2024-10-29 08:58:25 - db_utils - INFO - Successfully created indexes for login_history database
2024-10-29 08:58:25 - db_utils - INFO - Successfully created indexes for customer database
2024-10-29 08:58:25 - db_utils - INFO - Database index creation completed
2024-10-29 08:58:25 - __main__ - INFO - Application initialization completed successfully
2024-10-29 08:58:25 - __main__ - INFO - Application initialization completed successfully
2024-10-29 08:58:25 - __main__ - INFO - Application setup complete
2024-10-29 08:58:25 - customer_utils - INFO - Successfully retrieved customer with ID: 999
2024-10-29 08:58:25 - alert_utils - INFO - Fetched 1 alerts. only_today=False, include_expired=False
2024-10-29 08:58:26 - weather_utils - ERROR - Uventet feil ved datahenting eller -behandling: Interpolation with NaNs in the index has not been implemented. Try filling those NaNs before interpolating.
Traceback (most recent call last):
  File "/Users/tor.inge.jossang@aftenbladet.no/dev/gullingen/weather_utils.py", line 74, in fetch_and_process_data
    processed_data[column] = handle_missing_data(df.index, processed_data[column], method='time')
                             ^^^^^^^^^^^^^^^^^^^^^^^^^^^^^^^^^^^^^^^^^^^^^^^^^^^^^^^^^^^^^^^^^^^^
  File "/Users/tor.inge.jossang@aftenbladet.no/dev/gullingen/weather_utils.py", line 225, in handle_missing_data
    interpolated = data_series.interpolate(method='time')
                   ^^^^^^^^^^^^^^^^^^^^^^^^^^^^^^^^^^^^^^
  File "/Users/tor.inge.jossang@aftenbladet.no/dev/gullingen/new_clean_env/lib/python3.12/site-packages/pandas/core/generic.py", line 8498, in interpolate
    index = missing.get_interp_index(method, obj.index)
            ^^^^^^^^^^^^^^^^^^^^^^^^^^^^^^^^^^^^^^^^^^^
  File "/Users/tor.inge.jossang@aftenbladet.no/dev/gullingen/new_clean_env/lib/python3.12/site-packages/pandas/core/missing.py", line 335, in get_interp_index
    raise NotImplementedError(
NotImplementedError: Interpolation with NaNs in the index has not been implemented. Try filling those NaNs before interpolating.
2024-10-29 08:58:26 - weather_utils - ERROR - Kunne ikke hente værdata for alarmer
2024-10-29 08:58:26 - __main__ - INFO - Application shutting down
2024-10-29 08:58:30 - __main__ - INFO - Added validate_user_input function to app.py
2024-10-29 08:58:30 - __main__ - INFO - Starting application initialization
2024-10-29 08:58:30 - db_utils - INFO - Starting detailed database operations debugging
2024-10-29 08:58:30 - db_utils - INFO - Debugging login_history database:
2024-10-29 08:58:30 - db_utils - INFO -   Database version: 0
2024-10-29 08:58:30 - db_utils - INFO -   Tables in login_history.db: ['login_history']
2024-10-29 08:58:30 - db_utils - INFO -   Structure of login_history table:
2024-10-29 08:58:30 - db_utils - INFO -     Column: id, Type: TEXT, NotNull: 0, DefaultValue: None, PK: 0
2024-10-29 08:58:30 - db_utils - INFO -     Column: login_time, Type: TEXT, NotNull: 0, DefaultValue: None, PK: 0
2024-10-29 08:58:30 - db_utils - INFO -     Column: success, Type: INTEGER, NotNull: 0, DefaultValue: None, PK: 0
2024-10-29 08:58:30 - db_utils - INFO -   Indexes in login_history.db: ['idx_login_id', 'idx_login_time']
2024-10-29 08:58:30 - db_utils - INFO -   Row count in login_history: 259
2024-10-29 08:58:30 - db_utils - INFO -   Test query result: (1,)
2024-10-29 08:58:30 - db_utils - INFO - Debugging tunbroyting database:
2024-10-29 08:58:30 - db_utils - INFO -   Database version: 0
2024-10-29 08:58:30 - db_utils - INFO -   Tables in tunbroyting.db: ['tunbroyting_bestillinger']
2024-10-29 08:58:30 - db_utils - INFO -   Structure of tunbroyting_bestillinger table:
2024-10-29 08:58:30 - db_utils - INFO -     Column: id, Type: INTEGER, NotNull: 0, DefaultValue: None, PK: 1
2024-10-29 08:58:30 - db_utils - INFO -     Column: bruker, Type: TEXT, NotNull: 0, DefaultValue: None, PK: 0
2024-10-29 08:58:30 - db_utils - INFO -     Column: ankomst_dato, Type: DATE, NotNull: 0, DefaultValue: None, PK: 0
2024-10-29 08:58:30 - db_utils - INFO -     Column: ankomst_tid, Type: TIME, NotNull: 0, DefaultValue: None, PK: 0
2024-10-29 08:58:30 - db_utils - INFO -     Column: avreise_dato, Type: DATE, NotNull: 0, DefaultValue: None, PK: 0
2024-10-29 08:58:30 - db_utils - INFO -     Column: avreise_tid, Type: TIME, NotNull: 0, DefaultValue: None, PK: 0
2024-10-29 08:58:30 - db_utils - INFO -     Column: abonnement_type, Type: TEXT, NotNull: 0, DefaultValue: None, PK: 0
2024-10-29 08:58:30 - db_utils - INFO -   Indexes in tunbroyting.db: ['idx_tunbroyting_bruker', 'idx_tunbroyting_ankomst_dato', 'idx_tunbroyting_avreise_dato', 'idx_tunbroyting_abonnement']
2024-10-29 08:58:30 - db_utils - INFO -   Row count in tunbroyting_bestillinger: 2
2024-10-29 08:58:30 - db_utils - INFO -   Test query result: (1,)
2024-10-29 08:58:30 - db_utils - INFO - Debugging stroing database:
2024-10-29 08:58:30 - db_utils - INFO -   Database version: 0
2024-10-29 08:58:30 - db_utils - INFO -   Tables in stroing.db: ['sqlite_sequence', 'stroing_bestillinger']
2024-10-29 08:58:30 - db_utils - INFO -   Structure of sqlite_sequence table:
2024-10-29 08:58:30 - db_utils - INFO -     Column: name, Type: , NotNull: 0, DefaultValue: None, PK: 0
2024-10-29 08:58:30 - db_utils - INFO -     Column: seq, Type: , NotNull: 0, DefaultValue: None, PK: 0
2024-10-29 08:58:30 - db_utils - INFO -   Structure of stroing_bestillinger table:
2024-10-29 08:58:30 - db_utils - INFO -     Column: id, Type: INTEGER, NotNull: 0, DefaultValue: None, PK: 1
2024-10-29 08:58:30 - db_utils - INFO -     Column: bruker, Type: TEXT, NotNull: 0, DefaultValue: None, PK: 0
2024-10-29 08:58:30 - db_utils - INFO -     Column: bestillings_dato, Type: TEXT, NotNull: 0, DefaultValue: None, PK: 0
2024-10-29 08:58:30 - db_utils - INFO -     Column: onske_dato, Type: TEXT, NotNull: 0, DefaultValue: None, PK: 0
2024-10-29 08:58:30 - db_utils - INFO -   Indexes in stroing.db: ['idx_stroing_bruker', 'idx_stroing_onske_dato', 'idx_stroing_bestillings_dato']
2024-10-29 08:58:30 - db_utils - INFO -   Row count in sqlite_sequence: 1
2024-10-29 08:58:30 - db_utils - INFO -   Row count in stroing_bestillinger: 3
2024-10-29 08:58:30 - db_utils - INFO -   Test query result: (1,)
2024-10-29 08:58:30 - db_utils - INFO - Debugging feedback database:
2024-10-29 08:58:30 - db_utils - INFO -   Database version: 0
2024-10-29 08:58:30 - db_utils - INFO -   Tables in feedback.db: ['sqlite_sequence', 'feedback']
2024-10-29 08:58:30 - db_utils - INFO -   Structure of sqlite_sequence table:
2024-10-29 08:58:30 - db_utils - INFO -     Column: name, Type: , NotNull: 0, DefaultValue: None, PK: 0
2024-10-29 08:58:30 - db_utils - INFO -     Column: seq, Type: , NotNull: 0, DefaultValue: None, PK: 0
2024-10-29 08:58:30 - db_utils - INFO -   Structure of feedback table:
2024-10-29 08:58:30 - db_utils - INFO -     Column: id, Type: INTEGER, NotNull: 0, DefaultValue: None, PK: 1
2024-10-29 08:58:30 - db_utils - INFO -     Column: type, Type: TEXT, NotNull: 0, DefaultValue: None, PK: 0
2024-10-29 08:58:30 - db_utils - INFO -     Column: datetime, Type: TEXT, NotNull: 0, DefaultValue: None, PK: 0
2024-10-29 08:58:30 - db_utils - INFO -     Column: comment, Type: TEXT, NotNull: 0, DefaultValue: None, PK: 0
2024-10-29 08:58:30 - db_utils - INFO -     Column: innsender, Type: TEXT, NotNull: 0, DefaultValue: None, PK: 0
2024-10-29 08:58:30 - db_utils - INFO -     Column: status, Type: TEXT, NotNull: 0, DefaultValue: None, PK: 0
2024-10-29 08:58:30 - db_utils - INFO -     Column: status_changed_by, Type: TEXT, NotNull: 0, DefaultValue: None, PK: 0
2024-10-29 08:58:30 - db_utils - INFO -     Column: status_changed_at, Type: TEXT, NotNull: 0, DefaultValue: None, PK: 0
2024-10-29 08:58:30 - db_utils - INFO -     Column: hidden, Type: INTEGER, NotNull: 0, DefaultValue: None, PK: 0
2024-10-29 08:58:30 - db_utils - INFO -     Column: is_alert, Type: INTEGER, NotNull: 0, DefaultValue: None, PK: 0
2024-10-29 08:58:30 - db_utils - INFO -     Column: display_on_weather, Type: INTEGER, NotNull: 0, DefaultValue: None, PK: 0
2024-10-29 08:58:30 - db_utils - INFO -     Column: expiry_date, Type: TEXT, NotNull: 0, DefaultValue: None, PK: 0
2024-10-29 08:58:30 - db_utils - INFO -     Column: target_group, Type: TEXT, NotNull: 0, DefaultValue: None, PK: 0
2024-10-29 08:58:30 - db_utils - INFO -   Indexes in feedback.db: ['idx_feedback_datetime', 'idx_feedback_innsender', 'idx_feedback_status', 'idx_feedback_type']
2024-10-29 08:58:30 - db_utils - INFO -   Row count in sqlite_sequence: 1
2024-10-29 08:58:30 - db_utils - INFO -   Row count in feedback: 6
2024-10-29 08:58:30 - db_utils - INFO -   Test query result: (1,)
2024-10-29 08:58:30 - db_utils - INFO - Detailed database operations debugging completed
2024-10-29 08:58:30 - db_utils - INFO - Oppdatert skjema for customer
2024-10-29 08:58:30 - db_utils - INFO - Oppdatert skjema for feedback
2024-10-29 08:58:30 - db_utils - INFO - Oppdatert skjema for login_history
2024-10-29 08:58:30 - db_utils - INFO - Oppdatert skjema for stroing
2024-10-29 08:58:30 - db_utils - INFO - Oppdatert skjema for tunbroyting
2024-10-29 08:58:30 - db_utils - INFO - All database schemas verified and updated
2024-10-29 08:58:30 - db_utils - INFO - Oppdatert skjema for customer
2024-10-29 08:58:30 - db_utils - INFO - Oppdatert skjema for feedback
2024-10-29 08:58:30 - db_utils - INFO - Oppdatert skjema for login_history
2024-10-29 08:58:30 - db_utils - INFO - Oppdatert skjema for stroing
2024-10-29 08:58:30 - db_utils - INFO - Oppdatert skjema for tunbroyting
2024-10-29 08:58:30 - db_utils - INFO - All database schemas verified and updated
2024-10-29 08:58:30 - db_utils - INFO - Database already initialized. Skipping.
2024-10-29 08:58:30 - db_utils - INFO - Query executed successfully on login_history.db. Rows affected: -1
2024-10-29 08:58:30 - db_utils - INFO - login_history table structure is correct
2024-10-29 08:58:30 - utils - INFO - Attempting to load passwords from secrets
2024-10-29 08:58:30 - utils - INFO - Successfully loaded passwords. Number of entries: 94
2024-10-29 08:58:30 - customer_utils - INFO - Konsistenssjekk fullført
2024-10-29 08:58:30 - customer_utils - INFO - Validating customers and passwords
2024-10-29 08:58:30 - utils - INFO - Attempting to load passwords from secrets
2024-10-29 08:58:30 - utils - INFO - Successfully loaded passwords. Number of entries: 94
2024-10-29 08:58:30 - customer_utils - INFO - Customer and password validation complete
2024-10-29 08:58:30 - db_utils - INFO - Successfully created indexes for tunbroyting database
2024-10-29 08:58:30 - db_utils - INFO - Successfully created indexes for stroing database
2024-10-29 08:58:30 - db_utils - INFO - Successfully created indexes for feedback database
2024-10-29 08:58:30 - db_utils - INFO - Successfully created indexes for login_history database
2024-10-29 08:58:30 - db_utils - INFO - Successfully created indexes for customer database
2024-10-29 08:58:30 - db_utils - INFO - Database index creation completed
2024-10-29 08:58:30 - __main__ - INFO - Application initialization completed successfully
2024-10-29 08:58:30 - __main__ - INFO - Application initialization completed successfully
2024-10-29 08:58:30 - __main__ - INFO - Application setup complete
2024-10-29 08:58:30 - customer_utils - INFO - Successfully retrieved customer with ID: 999
2024-10-29 08:58:30 - tun_utils - INFO - Filtering bookings for date: 2024-10-29 00:00:00+01:00
2024-10-29 08:58:30 - tun_utils - INFO - Filtering bookings for date: 2024-10-29 00:00:00+01:00
2024-10-29 08:58:30 - map_utils - INFO - Starter vis_dagens_tunkart med 0 bestillinger
2024-10-29 08:58:31 - customer_utils - INFO - Successfully loaded 94 customers from database
2024-10-29 08:58:31 - customer_utils - INFO - Kolonner i kundedatabasen: ['Id', 'Latitude', 'Longitude', 'Subscription', 'Type']
2024-10-29 08:58:31 - __main__ - INFO - Application shutting down
2024-10-29 08:58:43 - __main__ - INFO - Added validate_user_input function to app.py
2024-10-29 08:58:43 - __main__ - INFO - Starting application initialization
2024-10-29 08:58:43 - db_utils - INFO - Starting detailed database operations debugging
2024-10-29 08:58:43 - db_utils - INFO - Debugging login_history database:
2024-10-29 08:58:43 - db_utils - INFO -   Database version: 0
2024-10-29 08:58:43 - db_utils - INFO -   Tables in login_history.db: ['login_history']
2024-10-29 08:58:43 - db_utils - INFO -   Structure of login_history table:
2024-10-29 08:58:43 - db_utils - INFO -     Column: id, Type: TEXT, NotNull: 0, DefaultValue: None, PK: 0
2024-10-29 08:58:43 - db_utils - INFO -     Column: login_time, Type: TEXT, NotNull: 0, DefaultValue: None, PK: 0
2024-10-29 08:58:43 - db_utils - INFO -     Column: success, Type: INTEGER, NotNull: 0, DefaultValue: None, PK: 0
2024-10-29 08:58:43 - db_utils - INFO -   Indexes in login_history.db: ['idx_login_id', 'idx_login_time']
2024-10-29 08:58:43 - db_utils - INFO -   Row count in login_history: 259
2024-10-29 08:58:43 - db_utils - INFO -   Test query result: (1,)
2024-10-29 08:58:43 - db_utils - INFO - Debugging tunbroyting database:
2024-10-29 08:58:43 - db_utils - INFO -   Database version: 0
2024-10-29 08:58:43 - db_utils - INFO -   Tables in tunbroyting.db: ['tunbroyting_bestillinger']
2024-10-29 08:58:43 - db_utils - INFO -   Structure of tunbroyting_bestillinger table:
2024-10-29 08:58:43 - db_utils - INFO -     Column: id, Type: INTEGER, NotNull: 0, DefaultValue: None, PK: 1
2024-10-29 08:58:43 - db_utils - INFO -     Column: bruker, Type: TEXT, NotNull: 0, DefaultValue: None, PK: 0
2024-10-29 08:58:43 - db_utils - INFO -     Column: ankomst_dato, Type: DATE, NotNull: 0, DefaultValue: None, PK: 0
2024-10-29 08:58:43 - db_utils - INFO -     Column: ankomst_tid, Type: TIME, NotNull: 0, DefaultValue: None, PK: 0
2024-10-29 08:58:43 - db_utils - INFO -     Column: avreise_dato, Type: DATE, NotNull: 0, DefaultValue: None, PK: 0
2024-10-29 08:58:43 - db_utils - INFO -     Column: avreise_tid, Type: TIME, NotNull: 0, DefaultValue: None, PK: 0
2024-10-29 08:58:43 - db_utils - INFO -     Column: abonnement_type, Type: TEXT, NotNull: 0, DefaultValue: None, PK: 0
2024-10-29 08:58:43 - db_utils - INFO -   Indexes in tunbroyting.db: ['idx_tunbroyting_bruker', 'idx_tunbroyting_ankomst_dato', 'idx_tunbroyting_avreise_dato', 'idx_tunbroyting_abonnement']
2024-10-29 08:58:43 - db_utils - INFO -   Row count in tunbroyting_bestillinger: 2
2024-10-29 08:58:43 - db_utils - INFO -   Test query result: (1,)
2024-10-29 08:58:43 - db_utils - INFO - Debugging stroing database:
2024-10-29 08:58:43 - db_utils - INFO -   Database version: 0
2024-10-29 08:58:43 - db_utils - INFO -   Tables in stroing.db: ['sqlite_sequence', 'stroing_bestillinger']
2024-10-29 08:58:43 - db_utils - INFO -   Structure of sqlite_sequence table:
2024-10-29 08:58:43 - db_utils - INFO -     Column: name, Type: , NotNull: 0, DefaultValue: None, PK: 0
2024-10-29 08:58:43 - db_utils - INFO -     Column: seq, Type: , NotNull: 0, DefaultValue: None, PK: 0
2024-10-29 08:58:43 - db_utils - INFO -   Structure of stroing_bestillinger table:
2024-10-29 08:58:43 - db_utils - INFO -     Column: id, Type: INTEGER, NotNull: 0, DefaultValue: None, PK: 1
2024-10-29 08:58:43 - db_utils - INFO -     Column: bruker, Type: TEXT, NotNull: 0, DefaultValue: None, PK: 0
2024-10-29 08:58:43 - db_utils - INFO -     Column: bestillings_dato, Type: TEXT, NotNull: 0, DefaultValue: None, PK: 0
2024-10-29 08:58:43 - db_utils - INFO -     Column: onske_dato, Type: TEXT, NotNull: 0, DefaultValue: None, PK: 0
2024-10-29 08:58:43 - db_utils - INFO -   Indexes in stroing.db: ['idx_stroing_bruker', 'idx_stroing_onske_dato', 'idx_stroing_bestillings_dato']
2024-10-29 08:58:43 - db_utils - INFO -   Row count in sqlite_sequence: 1
2024-10-29 08:58:43 - db_utils - INFO -   Row count in stroing_bestillinger: 3
2024-10-29 08:58:43 - db_utils - INFO -   Test query result: (1,)
2024-10-29 08:58:43 - db_utils - INFO - Debugging feedback database:
2024-10-29 08:58:43 - db_utils - INFO -   Database version: 0
2024-10-29 08:58:43 - db_utils - INFO -   Tables in feedback.db: ['sqlite_sequence', 'feedback']
2024-10-29 08:58:43 - db_utils - INFO -   Structure of sqlite_sequence table:
2024-10-29 08:58:43 - db_utils - INFO -     Column: name, Type: , NotNull: 0, DefaultValue: None, PK: 0
2024-10-29 08:58:43 - db_utils - INFO -     Column: seq, Type: , NotNull: 0, DefaultValue: None, PK: 0
2024-10-29 08:58:43 - db_utils - INFO -   Structure of feedback table:
2024-10-29 08:58:43 - db_utils - INFO -     Column: id, Type: INTEGER, NotNull: 0, DefaultValue: None, PK: 1
2024-10-29 08:58:43 - db_utils - INFO -     Column: type, Type: TEXT, NotNull: 0, DefaultValue: None, PK: 0
2024-10-29 08:58:43 - db_utils - INFO -     Column: datetime, Type: TEXT, NotNull: 0, DefaultValue: None, PK: 0
2024-10-29 08:58:43 - db_utils - INFO -     Column: comment, Type: TEXT, NotNull: 0, DefaultValue: None, PK: 0
2024-10-29 08:58:43 - db_utils - INFO -     Column: innsender, Type: TEXT, NotNull: 0, DefaultValue: None, PK: 0
2024-10-29 08:58:43 - db_utils - INFO -     Column: status, Type: TEXT, NotNull: 0, DefaultValue: None, PK: 0
2024-10-29 08:58:43 - db_utils - INFO -     Column: status_changed_by, Type: TEXT, NotNull: 0, DefaultValue: None, PK: 0
2024-10-29 08:58:43 - db_utils - INFO -     Column: status_changed_at, Type: TEXT, NotNull: 0, DefaultValue: None, PK: 0
2024-10-29 08:58:43 - db_utils - INFO -     Column: hidden, Type: INTEGER, NotNull: 0, DefaultValue: None, PK: 0
2024-10-29 08:58:43 - db_utils - INFO -     Column: is_alert, Type: INTEGER, NotNull: 0, DefaultValue: None, PK: 0
2024-10-29 08:58:43 - db_utils - INFO -     Column: display_on_weather, Type: INTEGER, NotNull: 0, DefaultValue: None, PK: 0
2024-10-29 08:58:43 - db_utils - INFO -     Column: expiry_date, Type: TEXT, NotNull: 0, DefaultValue: None, PK: 0
2024-10-29 08:58:43 - db_utils - INFO -     Column: target_group, Type: TEXT, NotNull: 0, DefaultValue: None, PK: 0
2024-10-29 08:58:43 - db_utils - INFO -   Indexes in feedback.db: ['idx_feedback_datetime', 'idx_feedback_innsender', 'idx_feedback_status', 'idx_feedback_type']
2024-10-29 08:58:43 - db_utils - INFO -   Row count in sqlite_sequence: 1
2024-10-29 08:58:43 - db_utils - INFO -   Row count in feedback: 6
2024-10-29 08:58:43 - db_utils - INFO -   Test query result: (1,)
2024-10-29 08:58:43 - db_utils - INFO - Detailed database operations debugging completed
2024-10-29 08:58:43 - db_utils - INFO - Oppdatert skjema for customer
2024-10-29 08:58:43 - db_utils - INFO - Oppdatert skjema for feedback
2024-10-29 08:58:43 - db_utils - INFO - Oppdatert skjema for login_history
2024-10-29 08:58:43 - db_utils - INFO - Oppdatert skjema for stroing
2024-10-29 08:58:43 - db_utils - INFO - Oppdatert skjema for tunbroyting
2024-10-29 08:58:43 - db_utils - INFO - All database schemas verified and updated
2024-10-29 08:58:43 - db_utils - INFO - Oppdatert skjema for customer
2024-10-29 08:58:43 - db_utils - INFO - Oppdatert skjema for feedback
2024-10-29 08:58:43 - db_utils - INFO - Oppdatert skjema for login_history
2024-10-29 08:58:43 - db_utils - INFO - Oppdatert skjema for stroing
2024-10-29 08:58:43 - db_utils - INFO - Oppdatert skjema for tunbroyting
2024-10-29 08:58:43 - db_utils - INFO - All database schemas verified and updated
2024-10-29 08:58:43 - db_utils - INFO - Database already initialized. Skipping.
2024-10-29 08:58:43 - db_utils - INFO - Query executed successfully on login_history.db. Rows affected: -1
2024-10-29 08:58:43 - db_utils - INFO - login_history table structure is correct
2024-10-29 08:58:43 - utils - INFO - Attempting to load passwords from secrets
2024-10-29 08:58:43 - utils - INFO - Successfully loaded passwords. Number of entries: 94
2024-10-29 08:58:43 - customer_utils - INFO - Konsistenssjekk fullført
2024-10-29 08:58:43 - customer_utils - INFO - Validating customers and passwords
2024-10-29 08:58:43 - utils - INFO - Attempting to load passwords from secrets
2024-10-29 08:58:43 - utils - INFO - Successfully loaded passwords. Number of entries: 94
2024-10-29 08:58:43 - customer_utils - INFO - Customer and password validation complete
2024-10-29 08:58:43 - db_utils - INFO - Successfully created indexes for tunbroyting database
2024-10-29 08:58:43 - db_utils - INFO - Successfully created indexes for stroing database
2024-10-29 08:58:43 - db_utils - INFO - Successfully created indexes for feedback database
2024-10-29 08:58:43 - db_utils - INFO - Successfully created indexes for login_history database
2024-10-29 08:58:43 - db_utils - INFO - Successfully created indexes for customer database
2024-10-29 08:58:43 - db_utils - INFO - Database index creation completed
2024-10-29 08:58:43 - __main__ - INFO - Application initialization completed successfully
2024-10-29 08:58:43 - __main__ - INFO - Application initialization completed successfully
2024-10-29 08:58:43 - __main__ - INFO - Application setup complete
2024-10-29 08:58:43 - customer_utils - INFO - Successfully retrieved customer with ID: 999
2024-10-29 08:58:43 - tun_utils - INFO - Filtering bookings for date: 2024-10-29 00:00:00+01:00
2024-10-29 08:58:43 - tun_utils - INFO - Filtering bookings for date: 2024-10-29 00:00:00+01:00
2024-10-29 08:58:43 - map_utils - INFO - Starter vis_dagens_tunkart med 0 bestillinger
2024-10-29 08:58:43 - customer_utils - INFO - Successfully loaded 94 customers from database
2024-10-29 08:58:43 - customer_utils - INFO - Kolonner i kundedatabasen: ['Id', 'Latitude', 'Longitude', 'Subscription', 'Type']
2024-10-29 08:58:43 - __main__ - INFO - Application shutting down
2024-10-29 08:58:56 - db_utils - INFO - Starting to close all database connections
2024-10-29 08:58:56 - db_utils - INFO - Finished closing all database connections and cleaning up files
